xrun(64): 25.03-s008: (c) Copyright 1995-2025 Cadence Design Systems, Inc.
TOOL:	xrun(64)	25.03-s008: Started on Jan 28, 2026 at 00:03:00 UTC
xrun
	-f list.f
		../rtl/lvl3_rtl.sv
		../rtl/lvl2_rtl.sv
		../rtl/lvl1_rtl.sv
		./mac_tb.sv
	-l ./logs/comp.log
	+define+mac_tb+
	-access +rwc
	-timescale 1ns/1ps
	-sv
Loading snapshot worklib.tb_mac_top:sv .................... Done
xcelium> source /mnt/edatools/cadence/XCELIUM2503/tools/xcelium/files/xmsimrc
xcelium> run
--------------------------------------------------
INICIANDO PRUEBA DE UNIDAD MAC
--------------------------------------------------
[MAC] Multiplicación:     10 *      5 terminada. Acumulado parcial:              0
[MAC] Multiplicación:      2 *     -3 terminada. Acumulado parcial:              0
[MAC] Multiplicación:    100 *     10 terminada. Acumulado parcial:              0
--------------------------------------------------
ERROR: Resultado esperado 1044, obtenido              0
--------------------------------------------------
Simulation complete via $finish(1) at time 685 NS + 0
./mac_tb.sv:89         #50 $finish;
xcelium> exit
TOOL:	xrun(64)	25.03-s008: Exiting on Jan 28, 2026 at 00:03:20 UTC  (total: 00:00:20)
